Determining if the pthread_create exist failed with the following output:
Change Dir: /home/yan/project/cudaITKhistogram/cppIntegration/ImageMutualInformation/build/CMakeFiles/CMakeTmp

Run Build Command:"/usr/bin/make" "cmTC_15b4e/fast"
/usr/bin/make -f CMakeFiles/cmTC_15b4e.dir/build.make CMakeFiles/cmTC_15b4e.dir/build
make[1]: Entering directory '/home/yan/project/cudaITKhistogram/cppIntegration/ImageMutualInformation/build/CMakeFiles/CMakeTmp'
Building C object CMakeFiles/cmTC_15b4e.dir/CheckSymbolExists.c.o
/usr/bin/cc    -fPIC    -o CMakeFiles/cmTC_15b4e.dir/CheckSymbolExists.c.o   -c /home/yan/project/cudaITKhistogram/cppIntegration/ImageMutualInformation/build/CMakeFiles/CMakeTmp/CheckSymbolExists.c
Linking C executable cmTC_15b4e
/usr/bin/cmake -E cmake_link_script CMakeFiles/cmTC_15b4e.dir/link.txt --verbose=1
/usr/bin/cc  -fPIC     CMakeFiles/cmTC_15b4e.dir/CheckSymbolExists.c.o  -o cmTC_15b4e -rdynamic 
CMakeFiles/cmTC_15b4e.dir/CheckSymbolExists.c.o: In function `main':
CheckSymbolExists.c:(.text+0x1b): undefined reference to `pthread_create'
collect2: error: ld returned 1 exit status
CMakeFiles/cmTC_15b4e.dir/build.make:97: recipe for target 'cmTC_15b4e' failed
make[1]: *** [cmTC_15b4e] Error 1
make[1]: Leaving directory '/home/yan/project/cudaITKhistogram/cppIntegration/ImageMutualInformation/build/CMakeFiles/CMakeTmp'
Makefile:126: recipe for target 'cmTC_15b4e/fast' failed
make: *** [cmTC_15b4e/fast] Error 2

File /home/yan/project/cudaITKhistogram/cppIntegration/ImageMutualInformation/build/CMakeFiles/CMakeTmp/CheckSymbolExists.c:
/* */
#include <pthread.h>

int main(int argc, char** argv)
{
  (void)argv;
#ifndef pthread_create
  return ((int*)(&pthread_create))[argc];
#else
  (void)argc;
  return 0;
#endif
}

Determining if the function pthread_create exists in the pthreads failed with the following output:
Change Dir: /home/yan/project/cudaITKhistogram/cppIntegration/ImageMutualInformation/build/CMakeFiles/CMakeTmp

Run Build Command:"/usr/bin/make" "cmTC_08248/fast"
/usr/bin/make -f CMakeFiles/cmTC_08248.dir/build.make CMakeFiles/cmTC_08248.dir/build
make[1]: Entering directory '/home/yan/project/cudaITKhistogram/cppIntegration/ImageMutualInformation/build/CMakeFiles/CMakeTmp'
Building C object CMakeFiles/cmTC_08248.dir/CheckFunctionExists.c.o
/usr/bin/cc    -fPIC -DCHECK_FUNCTION_EXISTS=pthread_create   -o CMakeFiles/cmTC_08248.dir/CheckFunctionExists.c.o   -c /usr/share/cmake-3.5/Modules/CheckFunctionExists.c
Linking C executable cmTC_08248
/usr/bin/cmake -E cmake_link_script CMakeFiles/cmTC_08248.dir/link.txt --verbose=1
/usr/bin/cc  -fPIC -DCHECK_FUNCTION_EXISTS=pthread_create    CMakeFiles/cmTC_08248.dir/CheckFunctionExists.c.o  -o cmTC_08248 -rdynamic -lpthreads 
/usr/bin/ld: cannot find -lpthreads
collect2: error: ld returned 1 exit status
CMakeFiles/cmTC_08248.dir/build.make:97: recipe for target 'cmTC_08248' failed
make[1]: *** [cmTC_08248] Error 1
make[1]: Leaving directory '/home/yan/project/cudaITKhistogram/cppIntegration/ImageMutualInformation/build/CMakeFiles/CMakeTmp'
Makefile:126: recipe for target 'cmTC_08248/fast' failed
make: *** [cmTC_08248/fast] Error 2


